<?xml version="1.0" encoding="UTF-8"?>
<testsuite xmlns:xsi="http://www.w3.org/2001/XMLSchema-instance" xsi:noNamespaceSchemaLocation="https://maven.apache.org/surefire/maven-surefire-plugin/xsd/surefire-test-report-3.0.xsd" version="3.0" name="com.example.Erp.ProjectAggregateTest" time="22.401" tests="1" errors="0" skipped="0" failures="0">
  <properties>
[...]
</properties>
  <testcase name="testCreteProject" classname="com.example.Erp.ProjectAggregateTest" time="0.512">
    <system-out><![CDATA[05:04:43.679 [main] DEBUG org.springframework.boot.test.context.SpringBootTestContextBootstrapper -- Neither @ContextConfiguration nor @ContextHierarchy found for test class [ProjectAggregateTest]: using SpringBootContextLoader
05:04:43.687 [main] DEBUG org.springframework.test.context.support.AbstractContextLoader -- Could not detect default resource locations for test class [com.example.Erp.ProjectAggregateTest]: no resource found for suffixes {-context.xml, Context.groovy}.
05:04:43.688 [main] INFO org.springframework.test.context.support.AnnotationConfigContextLoaderUtils -- Could not detect default configuration classes for test class [com.example.Erp.ProjectAggregateTest]: ProjectAggregateTest does not declare any static, non-private, non-final, nested classes annotated with @Configuration.
05:04:43.729 [main] DEBUG org.springframework.boot.test.context.SpringBootTestContextBootstrapper -- Using ContextCustomizers for test class [ProjectAggregateTest]: [ExcludeFilterContextCustomizer, DuplicateJsonObjectContextCustomizer, MockitoContextCustomizer, TestRestTemplateContextCustomizer, DisableObservabilityContextCustomizer, PropertyMappingContextCustomizer, Customizer]
05:04:43.904 [main] DEBUG org.springframework.context.annotation.ClassPathScanningCandidateComponentProvider -- Identified candidate component class: file [/home/asus/Bureau/workSpace/erp_project/microServiceProjet (1)/target/classes/com/example/Erp/MicroServiceProjetApplication.class]
05:04:43.907 [main] INFO org.springframework.boot.test.context.SpringBootTestContextBootstrapper -- Found @SpringBootConfiguration com.example.Erp.MicroServiceProjetApplication for test class com.example.Erp.ProjectAggregateTest
05:04:44.134 [main] DEBUG org.springframework.boot.test.context.SpringBootTestContextBootstrapper -- Using TestExecutionListeners for test class [ProjectAggregateTest]: [ServletTestExecutionListener, DirtiesContextBeforeModesTestExecutionListener, ApplicationEventsTestExecutionListener, MockitoTestExecutionListener, DependencyInjectionTestExecutionListener, DirtiesContextTestExecutionListener, TransactionalTestExecutionListener, SqlScriptsTestExecutionListener, EventPublishingTestExecutionListener, ResetMocksTestExecutionListener, RestDocsTestExecutionListener, MockRestServiceServerResetTestExecutionListener, MockMvcPrintOnlyOnFailureTestExecutionListener, WebDriverTestExecutionListener, MockWebServiceServerTestExecutionListener]
05:04:44.137 [main] DEBUG org.springframework.test.annotation.ProfileValueUtils -- Retrieved @ProfileValueSourceConfiguration [null] for test class [com.example.Erp.ProjectAggregateTest]
05:04:44.138 [main] DEBUG org.springframework.test.annotation.ProfileValueUtils -- Retrieved ProfileValueSource type [class org.springframework.test.annotation.SystemProfileValueSource] for class [com.example.Erp.ProjectAggregateTest]
05:04:44.140 [main] DEBUG org.springframework.test.annotation.ProfileValueUtils -- Retrieved @ProfileValueSourceConfiguration [null] for test class [com.example.Erp.ProjectAggregateTest]
05:04:44.140 [main] DEBUG org.springframework.test.annotation.ProfileValueUtils -- Retrieved ProfileValueSource type [class org.springframework.test.annotation.SystemProfileValueSource] for class [com.example.Erp.ProjectAggregateTest]
05:04:44.143 [main] DEBUG org.springframework.test.annotation.ProfileValueUtils -- Retrieved @ProfileValueSourceConfiguration [null] for test class [com.example.Erp.ProjectAggregateTest]
05:04:44.143 [main] DEBUG org.springframework.test.annotation.ProfileValueUtils -- Retrieved ProfileValueSource type [class org.springframework.test.annotation.SystemProfileValueSource] for class [com.example.Erp.ProjectAggregateTest]
05:04:44.195 [main] DEBUG org.springframework.boot.test.context.SpringBootTestContextBootstrapper -- Neither @ContextConfiguration nor @ContextHierarchy found for test class [ModuleAggregateTest]: using SpringBootContextLoader
05:04:44.199 [main] DEBUG org.springframework.test.context.support.AbstractContextLoader -- Could not detect default resource locations for test class [com.example.Erp.ModuleAggregateTest]: no resource found for suffixes {-context.xml, Context.groovy}.
05:04:44.200 [main] INFO org.springframework.test.context.support.AnnotationConfigContextLoaderUtils -- Could not detect default configuration classes for test class [com.example.Erp.ModuleAggregateTest]: ModuleAggregateTest does not declare any static, non-private, non-final, nested classes annotated with @Configuration.
05:04:44.209 [main] DEBUG org.springframework.boot.test.context.SpringBootTestContextBootstrapper -- Using ContextCustomizers for test class [ModuleAggregateTest]: [ExcludeFilterContextCustomizer, DuplicateJsonObjectContextCustomizer, MockitoContextCustomizer, TestRestTemplateContextCustomizer, DisableObservabilityContextCustomizer, PropertyMappingContextCustomizer, Customizer]
05:04:44.211 [main] INFO org.springframework.boot.test.context.SpringBootTestContextBootstrapper -- Found @SpringBootConfiguration com.example.Erp.MicroServiceProjetApplication for test class com.example.Erp.ModuleAggregateTest
05:04:44.216 [main] DEBUG org.springframework.boot.test.context.SpringBootTestContextBootstrapper -- Using TestExecutionListeners for test class [ModuleAggregateTest]: [ServletTestExecutionListener, DirtiesContextBeforeModesTestExecutionListener, ApplicationEventsTestExecutionListener, MockitoTestExecutionListener, DependencyInjectionTestExecutionListener, DirtiesContextTestExecutionListener, TransactionalTestExecutionListener, SqlScriptsTestExecutionListener, EventPublishingTestExecutionListener, ResetMocksTestExecutionListener, RestDocsTestExecutionListener, MockRestServiceServerResetTestExecutionListener, MockMvcPrintOnlyOnFailureTestExecutionListener, WebDriverTestExecutionListener, MockWebServiceServerTestExecutionListener]
05:04:44.216 [main] DEBUG org.springframework.test.annotation.ProfileValueUtils -- Retrieved @ProfileValueSourceConfiguration [null] for test class [com.example.Erp.ModuleAggregateTest]
05:04:44.216 [main] DEBUG org.springframework.test.annotation.ProfileValueUtils -- Retrieved ProfileValueSource type [class org.springframework.test.annotation.SystemProfileValueSource] for class [com.example.Erp.ModuleAggregateTest]
05:04:44.217 [main] DEBUG org.springframework.test.annotation.ProfileValueUtils -- Retrieved @ProfileValueSourceConfiguration [null] for test class [com.example.Erp.ModuleAggregateTest]
05:04:44.217 [main] DEBUG org.springframework.test.annotation.ProfileValueUtils -- Retrieved ProfileValueSource type [class org.springframework.test.annotation.SystemProfileValueSource] for class [com.example.Erp.ModuleAggregateTest]
05:04:44.217 [main] DEBUG org.springframework.test.annotation.ProfileValueUtils -- Retrieved @ProfileValueSourceConfiguration [null] for test class [com.example.Erp.ModuleAggregateTest]
05:04:44.218 [main] DEBUG org.springframework.test.annotation.ProfileValueUtils -- Retrieved ProfileValueSource type [class org.springframework.test.annotation.SystemProfileValueSource] for class [com.example.Erp.ModuleAggregateTest]
05:04:44.226 [main] DEBUG org.springframework.boot.test.context.SpringBootTestContextBootstrapper -- Neither @ContextConfiguration nor @ContextHierarchy found for test class [ProjectAggregateTest]: using SpringBootContextLoader
05:04:44.228 [main] DEBUG org.springframework.test.context.support.AbstractContextLoader -- Could not detect default resource locations for test class [com.example.Erp.ProjectAggregateTest]: no resource found for suffixes {-context.xml, Context.groovy}.
05:04:44.228 [main] INFO org.springframework.test.context.support.AnnotationConfigContextLoaderUtils -- Could not detect default configuration classes for test class [com.example.Erp.ProjectAggregateTest]: ProjectAggregateTest does not declare any static, non-private, non-final, nested classes annotated with @Configuration.
05:04:44.231 [main] DEBUG org.springframework.boot.test.context.SpringBootTestContextBootstrapper -- Using ContextCustomizers for test class [ProjectAggregateTest]: [ExcludeFilterContextCustomizer, DuplicateJsonObjectContextCustomizer, MockitoContextCustomizer, TestRestTemplateContextCustomizer, DisableObservabilityContextCustomizer, PropertyMappingContextCustomizer, Customizer]
05:04:44.232 [main] INFO org.springframework.boot.test.context.SpringBootTestContextBootstrapper -- Found @SpringBootConfiguration com.example.Erp.MicroServiceProjetApplication for test class com.example.Erp.ProjectAggregateTest
05:04:44.236 [main] DEBUG org.springframework.boot.test.context.SpringBootTestContextBootstrapper -- Using TestExecutionListeners for test class [ProjectAggregateTest]: [ServletTestExecutionListener, DirtiesContextBeforeModesTestExecutionListener, ApplicationEventsTestExecutionListener, MockitoTestExecutionListener, DependencyInjectionTestExecutionListener, DirtiesContextTestExecutionListener, TransactionalTestExecutionListener, SqlScriptsTestExecutionListener, EventPublishingTestExecutionListener, ResetMocksTestExecutionListener, RestDocsTestExecutionListener, MockRestServiceServerResetTestExecutionListener, MockMvcPrintOnlyOnFailureTestExecutionListener, WebDriverTestExecutionListener, MockWebServiceServerTestExecutionListener]
05:04:44.237 [main] DEBUG org.springframework.test.annotation.ProfileValueUtils -- Retrieved @ProfileValueSourceConfiguration [null] for test class [com.example.Erp.ProjectAggregateTest]
05:04:44.237 [main] DEBUG org.springframework.test.annotation.ProfileValueUtils -- Retrieved ProfileValueSource type [class org.springframework.test.annotation.SystemProfileValueSource] for class [com.example.Erp.ProjectAggregateTest]
05:04:44.237 [main] DEBUG org.springframework.test.annotation.ProfileValueUtils -- Retrieved @ProfileValueSourceConfiguration [null] for test class [com.example.Erp.ProjectAggregateTest]
05:04:44.238 [main] DEBUG org.springframework.test.annotation.ProfileValueUtils -- Retrieved ProfileValueSource type [class org.springframework.test.annotation.SystemProfileValueSource] for class [com.example.Erp.ProjectAggregateTest]
05:04:44.238 [main] DEBUG org.springframework.test.annotation.ProfileValueUtils -- Retrieved @ProfileValueSourceConfiguration [null] for test class [com.example.Erp.ProjectAggregateTest]
05:04:44.238 [main] DEBUG org.springframework.test.annotation.ProfileValueUtils -- Retrieved ProfileValueSource type [class org.springframework.test.annotation.SystemProfileValueSource] for class [com.example.Erp.ProjectAggregateTest]
05:04:44.241 [main] DEBUG org.springframework.boot.test.context.SpringBootTestContextBootstrapper -- Neither @ContextConfiguration nor @ContextHierarchy found for test class [ModuleAggregateTest]: using SpringBootContextLoader
05:04:44.242 [main] DEBUG org.springframework.test.context.support.AbstractContextLoader -- Could not detect default resource locations for test class [com.example.Erp.ModuleAggregateTest]: no resource found for suffixes {-context.xml, Context.groovy}.
05:04:44.242 [main] INFO org.springframework.test.context.support.AnnotationConfigContextLoaderUtils -- Could not detect default configuration classes for test class [com.example.Erp.ModuleAggregateTest]: ModuleAggregateTest does not declare any static, non-private, non-final, nested classes annotated with @Configuration.
05:04:44.245 [main] DEBUG org.springframework.boot.test.context.SpringBootTestContextBootstrapper -- Using ContextCustomizers for test class [ModuleAggregateTest]: [ExcludeFilterContextCustomizer, DuplicateJsonObjectContextCustomizer, MockitoContextCustomizer, TestRestTemplateContextCustomizer, DisableObservabilityContextCustomizer, PropertyMappingContextCustomizer, Customizer]
05:04:44.246 [main] INFO org.springframework.boot.test.context.SpringBootTestContextBootstrapper -- Found @SpringBootConfiguration com.example.Erp.MicroServiceProjetApplication for test class com.example.Erp.ModuleAggregateTest
05:04:44.249 [main] DEBUG org.springframework.boot.test.context.SpringBootTestContextBootstrapper -- Using TestExecutionListeners for test class [ModuleAggregateTest]: [ServletTestExecutionListener, DirtiesContextBeforeModesTestExecutionListener, ApplicationEventsTestExecutionListener, MockitoTestExecutionListener, DependencyInjectionTestExecutionListener, DirtiesContextTestExecutionListener, TransactionalTestExecutionListener, SqlScriptsTestExecutionListener, EventPublishingTestExecutionListener, ResetMocksTestExecutionListener, RestDocsTestExecutionListener, MockRestServiceServerResetTestExecutionListener, MockMvcPrintOnlyOnFailureTestExecutionListener, WebDriverTestExecutionListener, MockWebServiceServerTestExecutionListener]
05:04:44.249 [main] DEBUG org.springframework.test.annotation.ProfileValueUtils -- Retrieved @ProfileValueSourceConfiguration [null] for test class [com.example.Erp.ModuleAggregateTest]
05:04:44.250 [main] DEBUG org.springframework.test.annotation.ProfileValueUtils -- Retrieved ProfileValueSource type [class org.springframework.test.annotation.SystemProfileValueSource] for class [com.example.Erp.ModuleAggregateTest]
05:04:44.250 [main] DEBUG org.springframework.test.annotation.ProfileValueUtils -- Retrieved @ProfileValueSourceConfiguration [null] for test class [com.example.Erp.ModuleAggregateTest]
05:04:44.251 [main] DEBUG org.springframework.test.annotation.ProfileValueUtils -- Retrieved ProfileValueSource type [class org.springframework.test.annotation.SystemProfileValueSource] for class [com.example.Erp.ModuleAggregateTest]
05:04:44.251 [main] DEBUG org.springframework.test.annotation.ProfileValueUtils -- Retrieved @ProfileValueSourceConfiguration [null] for test class [com.example.Erp.ModuleAggregateTest]
05:04:44.251 [main] DEBUG org.springframework.test.annotation.ProfileValueUtils -- Retrieved ProfileValueSource type [class org.springframework.test.annotation.SystemProfileValueSource] for class [com.example.Erp.ModuleAggregateTest]
05:04:44.400 [main] DEBUG org.springframework.test.annotation.ProfileValueUtils -- Retrieved @ProfileValueSourceConfiguration [null] for test class [com.example.Erp.ProjectAggregateTest]
05:04:44.403 [main] DEBUG org.springframework.test.annotation.ProfileValueUtils -- Retrieved ProfileValueSource type [class org.springframework.test.annotation.SystemProfileValueSource] for class [com.example.Erp.ProjectAggregateTest]
05:04:44.441 [main] DEBUG org.springframework.test.annotation.ProfileValueUtils -- Retrieved @ProfileValueSourceConfiguration [null] for test class [com.example.Erp.ProjectAggregateTest]
05:04:44.441 [main] DEBUG org.springframework.test.annotation.ProfileValueUtils -- Retrieved ProfileValueSource type [class org.springframework.test.annotation.SystemProfileValueSource] for class [com.example.Erp.ProjectAggregateTest]
05:04:44.442 [main] DEBUG org.springframework.test.annotation.ProfileValueUtils -- Retrieved @ProfileValueSourceConfiguration [null] for test class [com.example.Erp.ProjectAggregateTest]
05:04:44.442 [main] DEBUG org.springframework.test.annotation.ProfileValueUtils -- Retrieved ProfileValueSource type [class org.springframework.test.annotation.SystemProfileValueSource] for class [com.example.Erp.ProjectAggregateTest]
05:04:44.448 [main] DEBUG org.springframework.test.context.support.AbstractDirtiesContextTestExecutionListener -- Before test class: class [ProjectAggregateTest], class annotated with @DirtiesContext [false] with mode [null]
05:04:44.454 [main] DEBUG org.springframework.test.annotation.ProfileValueUtils -- Retrieved @ProfileValueSourceConfiguration [null] for test class [com.example.Erp.ProjectAggregateTest]
05:04:44.455 [main] DEBUG org.springframework.test.annotation.ProfileValueUtils -- Retrieved ProfileValueSource type [class org.springframework.test.annotation.SystemProfileValueSource] for class [com.example.Erp.ProjectAggregateTest]

  .   ____          _            __ _ _
 /\\ / ___'_ __ _ _(_)_ __  __ _ \ \ \ \
( ( )\___ | '_ | '_| | '_ \/ _` | \ \ \ \
 \\/  ___)| |_)| | | | | || (_| |  ) ) ) )
  '  |____| .__|_| |_|_| |_\__, | / / / /
 =========|_|==============|___/=/_/_/_/
 :: Spring Boot ::                (v3.0.5)

2023-06-14T05:04:45.762+01:00  INFO 24552 --- [           main] com.example.Erp.ProjectAggregateTest     : Starting ProjectAggregateTest using Java 17.0.7 with PID 24552 (started by asus in /home/asus/Bureau/workSpace/erp_project/microServiceProjet (1))
2023-06-14T05:04:45.765+01:00  INFO 24552 --- [           main] com.example.Erp.ProjectAggregateTest     : No active profile set, falling back to 1 default profile: "default"
2023-06-14T05:04:45.955+01:00  WARN 24552 --- [           main] o.s.c.annotation.AnnotationTypeMapping   : Support for convention-based annotation attribute overrides is deprecated and will be removed in Spring Framework 6.1. Please annotate the following attributes in @org.axonframework.spring.stereotype.Aggregate with appropriate @AliasFor declarations: [type]
2023-06-14T05:04:45.962+01:00  WARN 24552 --- [           main] o.s.c.annotation.AnnotationTypeMapping   : Support for convention-based annotation attribute overrides is deprecated and will be removed in Spring Framework 6.1. Please annotate the following attributes in @org.axonframework.eventsourcing.EventSourcingHandler with appropriate @AliasFor declarations: [payloadType]
2023-06-14T05:04:45.964+01:00  WARN 24552 --- [           main] o.s.c.annotation.AnnotationTypeMapping   : Support for convention-based annotation attribute overrides is deprecated and will be removed in Spring Framework 6.1. Please annotate the following attributes in @org.axonframework.eventsourcing.EventSourcingHandler with appropriate @AliasFor declarations: [payloadType]
2023-06-14T05:04:45.966+01:00  WARN 24552 --- [           main] o.s.c.annotation.AnnotationTypeMapping   : Support for convention-based annotation attribute overrides is deprecated and will be removed in Spring Framework 6.1. Please annotate the following attributes in @org.axonframework.commandhandling.CommandHandler with appropriate @AliasFor declarations: [payloadType]
2023-06-14T05:04:46.109+01:00  WARN 24552 --- [           main] o.s.c.annotation.AnnotationTypeMapping   : Support for convention-based annotation attribute overrides is deprecated and will be removed in Spring Framework 6.1. Please annotate the following attributes in @org.axonframework.eventhandling.EventHandler with appropriate @AliasFor declarations: [payloadType]
2023-06-14T05:04:48.026+01:00  INFO 24552 --- [           main] .s.d.r.c.RepositoryConfigurationDelegate : Bootstrapping Spring Data JPA repositories in DEFAULT mode.
2023-06-14T05:04:48.349+01:00  INFO 24552 --- [           main] .s.d.r.c.RepositoryConfigurationDelegate : Finished Spring Data repository scanning in 307 ms. Found 4 JPA repository interfaces.
2023-06-14T05:04:48.822+01:00  INFO 24552 --- [           main] o.s.cloud.context.scope.GenericScope     : BeanFactory id=63d8208a-7e5d-3e08-99e8-8f4d94324be4
2023-06-14T05:04:49.590+01:00  WARN 24552 --- [           main] o.s.c.annotation.AnnotationTypeMapping   : Support for convention-based annotation attribute overrides is deprecated and will be removed in Spring Framework 6.1. Please annotate the following attributes in @org.axonframework.modelling.command.AggregateIdentifier with appropriate @AliasFor declarations: [routingKey]
2023-06-14T05:04:50.128+01:00  INFO 24552 --- [           main] o.hibernate.jpa.internal.util.LogHelper  : HHH000204: Processing PersistenceUnitInfo [name: default]
2023-06-14T05:04:50.234+01:00  INFO 24552 --- [           main] org.hibernate.Version                    : HHH000412: Hibernate ORM core version 6.1.7.Final
2023-06-14T05:04:51.290+01:00  INFO 24552 --- [           main] com.zaxxer.hikari.HikariDataSource       : HikariPool-1 - Starting...
2023-06-14T05:04:52.057+01:00  INFO 24552 --- [           main] com.zaxxer.hikari.pool.HikariPool        : HikariPool-1 - Added connection org.postgresql.jdbc.PgConnection@53918b5e
2023-06-14T05:04:52.060+01:00  INFO 24552 --- [           main] com.zaxxer.hikari.HikariDataSource       : HikariPool-1 - Start completed.
2023-06-14T05:04:52.108+01:00  INFO 24552 --- [           main] SQL dialect                              : HHH000400: Using dialect: org.hibernate.dialect.PostgreSQLDialect
2023-06-14T05:04:56.299+01:00  INFO 24552 --- [           main] o.h.e.t.j.p.i.JtaPlatformInitiator       : HHH000490: Using JtaPlatform implementation: [org.hibernate.engine.transaction.jta.platform.internal.NoJtaPlatform]
2023-06-14T05:04:56.309+01:00  INFO 24552 --- [           main] j.LocalContainerEntityManagerFactoryBean : Initialized JPA EntityManagerFactory for persistence unit 'default'
2023-06-14T05:04:56.474+01:00  INFO 24552 --- [           main] o.a.s.a.XStreamAutoConfiguration         : Initializing an XStream instance since none was found. The auto configuration base packages will be used as wildcards for the XStream security settings.
2023-06-14T05:04:56.739+01:00  INFO 24552 --- [           main] o.a.s.util.XStreamSecurityTypeUtility    : Constructing wildcard type for base package [com.example.Erp].
2023-06-14T05:04:56.739+01:00  INFO 24552 --- [           main] o.a.s.util.XStreamSecurityTypeUtility    : Constructing wildcard type for base package [org.axonframework.eventhandling.tokenstore].
2023-06-14T05:04:56.739+01:00  INFO 24552 --- [           main] o.a.s.util.XStreamSecurityTypeUtility    : Constructing wildcard type for base package [org.axonframework.eventhandling.deadletter.jpa].
2023-06-14T05:04:56.739+01:00  INFO 24552 --- [           main] o.a.s.util.XStreamSecurityTypeUtility    : Constructing wildcard type for base package [org.axonframework.modelling.saga.repository.jpa].
2023-06-14T05:04:56.739+01:00  INFO 24552 --- [           main] o.a.s.util.XStreamSecurityTypeUtility    : Constructing wildcard type for base package [org.axonframework.eventsourcing.eventstore.jpa].
2023-06-14T05:04:56.754+01:00  INFO 24552 --- [           main] o.a.serialization.ChainingConverter      : ContentTypeConverter of type [class org.axonframework.serialization.xml.Dom4JToByteArrayConverter] is ignored. It seems to rely on a class that is not available in the class loader: org/dom4j/Document
2023-06-14T05:04:56.755+01:00  INFO 24552 --- [           main] o.a.serialization.ChainingConverter      : ContentTypeConverter of type [class org.axonframework.serialization.xml.InputStreamToDom4jConverter] is ignored. It seems to rely on a class that is not available in the class loader: org/dom4j/Document
2023-06-14T05:04:56.756+01:00  INFO 24552 --- [           main] o.a.serialization.ChainingConverter      : ContentTypeConverter of type [class org.axonframework.serialization.xml.XomToStringConverter] is ignored. It seems to rely on a class that is not available in the class loader: nu/xom/Document
2023-06-14T05:04:56.757+01:00  INFO 24552 --- [           main] o.a.serialization.ChainingConverter      : ContentTypeConverter of type [class org.axonframework.serialization.xml.InputStreamToXomConverter] is ignored. It seems to rely on a class that is not available in the class loader: nu/xom/ParsingException
2023-06-14T05:04:58.069+01:00  WARN 24552 --- [           main] JpaBaseConfiguration$JpaWebConfiguration : spring.jpa.open-in-view is enabled by default. Therefore, database queries may be performed during view rendering. Explicitly configure spring.jpa.open-in-view to disable this warning
2023-06-14T05:05:00.643+01:00  INFO 24552 --- [           main] o.s.cloud.commons.util.InetUtils         : Cannot determine local hostname
2023-06-14T05:05:00.846+01:00  INFO 24552 --- [           main] DiscoveryClientOptionalArgsConfiguration : Eureka HTTP Client uses RestTemplate.
2023-06-14T05:05:01.973+01:00  INFO 24552 --- [           main] o.s.cloud.commons.util.InetUtils         : Cannot determine local hostname
2023-06-14T05:05:02.207+01:00  WARN 24552 --- [           main] iguration$LoadBalancerCaffeineWarnLogger : Spring Cloud LoadBalancer is currently working with the default cache. While this cache implementation is useful for development and tests, it's recommended to use Caffeine cache in production.You can switch to using Caffeine cache, by adding it and org.springframework.cache.caffeine.CaffeineCacheManager to the classpath.
2023-06-14T05:05:02.339+01:00  INFO 24552 --- [           main] o.a.k.clients.admin.AdminClientConfig    : AdminClientConfig values: 
	bootstrap.servers = [localhost:9092]
	client.dns.lookup = use_all_dns_ips
	client.id = 
	connections.max.idle.ms = 300000
	default.api.timeout.ms = 60000
	metadata.max.age.ms = 300000
	metric.reporters = []
	metrics.num.samples = 2
	metrics.recording.level = INFO
	metrics.sample.window.ms = 30000
	receive.buffer.bytes = 65536
	reconnect.backoff.max.ms = 1000
	reconnect.backoff.ms = 50
	request.timeout.ms = 30000
	retries = 2147483647
	retry.backoff.ms = 100
	sasl.client.callback.handler.class = null
	sasl.jaas.config = null
	sasl.kerberos.kinit.cmd = /usr/bin/kinit
	sasl.kerberos.min.time.before.relogin = 60000
	sasl.kerberos.service.name = null
	sasl.kerberos.ticket.renew.jitter = 0.05
	sasl.kerberos.ticket.renew.window.factor = 0.8
	sasl.login.callback.handler.class = null
	sasl.login.class = null
	sasl.login.connect.timeout.ms = null
	sasl.login.read.timeout.ms = null
	sasl.login.refresh.buffer.seconds = 300
	sasl.login.refresh.min.period.seconds = 60
	sasl.login.refresh.window.factor = 0.8
	sasl.login.refresh.window.jitter = 0.05
	sasl.login.retry.backoff.max.ms = 10000
	sasl.login.retry.backoff.ms = 100
	sasl.mechanism = GSSAPI
	sasl.oauthbearer.clock.skew.seconds = 30
	sasl.oauthbearer.expected.audience = null
	sasl.oauthbearer.expected.issuer = null
	sasl.oauthbearer.jwks.endpoint.refresh.ms = 3600000
	sasl.oauthbearer.jwks.endpoint.retry.backoff.max.ms = 10000
	sasl.oauthbearer.jwks.endpoint.retry.backoff.ms = 100
	sasl.oauthbearer.jwks.endpoint.url = null
	sasl.oauthbearer.scope.claim.name = scope
	sasl.oauthbearer.sub.claim.name = sub
	sasl.oauthbearer.token.endpoint.url = null
	security.protocol = PLAINTEXT
	security.providers = null
	send.buffer.bytes = 131072
	socket.connection.setup.timeout.max.ms = 30000
	socket.connection.setup.timeout.ms = 10000
	ssl.cipher.suites = null
	ssl.enabled.protocols = [TLSv1.2, TLSv1.3]
	ssl.endpoint.identification.algorithm = https
	ssl.engine.factory.class = null
	ssl.key.password = null
	ssl.keymanager.algorithm = SunX509
	ssl.keystore.certificate.chain = null
	ssl.keystore.key = null
	ssl.keystore.location = null
	ssl.keystore.password = null
	ssl.keystore.type = JKS
	ssl.protocol = TLSv1.3
	ssl.provider = null
	ssl.secure.random.implementation = null
	ssl.trustmanager.algorithm = PKIX
	ssl.truststore.certificates = null
	ssl.truststore.location = null
	ssl.truststore.password = null
	ssl.truststore.type = JKS

2023-06-14T05:05:02.706+01:00  INFO 24552 --- [           main] o.a.kafka.common.utils.AppInfoParser     : Kafka version: 3.3.2
2023-06-14T05:05:02.706+01:00  INFO 24552 --- [           main] o.a.kafka.common.utils.AppInfoParser     : Kafka commitId: b66af662e61082cb
2023-06-14T05:05:02.706+01:00  INFO 24552 --- [           main] o.a.kafka.common.utils.AppInfoParser     : Kafka startTimeMs: 1686715502704
2023-06-14T05:05:03.873+01:00  INFO 24552 --- [| adminclient-1] o.a.kafka.common.utils.AppInfoParser     : App info kafka.admin.client for adminclient-1 unregistered
2023-06-14T05:05:03.881+01:00  INFO 24552 --- [| adminclient-1] o.apache.kafka.common.metrics.Metrics    : Metrics scheduler closed
2023-06-14T05:05:03.882+01:00  INFO 24552 --- [| adminclient-1] o.apache.kafka.common.metrics.Metrics    : Closing reporter org.apache.kafka.common.metrics.JmxReporter
2023-06-14T05:05:03.882+01:00  INFO 24552 --- [| adminclient-1] o.apache.kafka.common.metrics.Metrics    : Metrics reporters closed
2023-06-14T05:05:03.906+01:00  INFO 24552 --- [           main] o.s.c.n.eureka.InstanceInfoFactory       : Setting initial instance status as: STARTING
2023-06-14T05:05:03.974+01:00  INFO 24552 --- [           main] com.netflix.discovery.DiscoveryClient    : Initializing Eureka in region us-east-1
2023-06-14T05:05:03.981+01:00  INFO 24552 --- [           main] c.n.d.s.r.aws.ConfigClusterResolver      : Resolving eureka endpoints via configuration
2023-06-14T05:05:04.014+01:00  INFO 24552 --- [           main] com.netflix.discovery.DiscoveryClient    : Disable delta property : false
2023-06-14T05:05:04.014+01:00  INFO 24552 --- [           main] com.netflix.discovery.DiscoveryClient    : Single vip registry refresh property : null
2023-06-14T05:05:04.014+01:00  INFO 24552 --- [           main] com.netflix.discovery.DiscoveryClient    : Force full registry fetch : false
2023-06-14T05:05:04.014+01:00  INFO 24552 --- [           main] com.netflix.discovery.DiscoveryClient    : Application is null : false
2023-06-14T05:05:04.014+01:00  INFO 24552 --- [           main] com.netflix.discovery.DiscoveryClient    : Registered Applications size is zero : true
2023-06-14T05:05:04.014+01:00  INFO 24552 --- [           main] com.netflix.discovery.DiscoveryClient    : Application version is -1: true
2023-06-14T05:05:04.014+01:00  INFO 24552 --- [           main] com.netflix.discovery.DiscoveryClient    : Getting all instance registry info from the eureka server
2023-06-14T05:05:04.677+01:00  INFO 24552 --- [           main] com.netflix.discovery.DiscoveryClient    : The response status is 200
2023-06-14T05:05:04.681+01:00  INFO 24552 --- [           main] com.netflix.discovery.DiscoveryClient    : Starting heartbeat executor: renew interval is: 30
2023-06-14T05:05:04.684+01:00  INFO 24552 --- [           main] c.n.discovery.InstanceInfoReplicator     : InstanceInfoReplicator onDemand update allowed rate per min is 4
2023-06-14T05:05:04.691+01:00  INFO 24552 --- [           main] com.netflix.discovery.DiscoveryClient    : Discovery Client initialized at timestamp 1686715504690 with initial instances count: 0
2023-06-14T05:05:04.697+01:00  INFO 24552 --- [           main] o.s.c.n.e.s.EurekaServiceRegistry        : Registering application PROJECT-SERVICE1 with eureka with status UP
2023-06-14T05:05:04.698+01:00  INFO 24552 --- [           main] com.netflix.discovery.DiscoveryClient    : Saw local status change event StatusChangeEvent [timestamp=1686715504698, current=UP, previous=STARTING]
2023-06-14T05:05:04.700+01:00  INFO 24552 --- [nfoReplicator-0] com.netflix.discovery.DiscoveryClient    : DiscoveryClient_PROJECT-SERVICE1/192.168.1.8:project-service1:8085: registering service...
2023-06-14T05:05:04.848+01:00  INFO 24552 --- [nfoReplicator-0] com.netflix.discovery.DiscoveryClient    : DiscoveryClient_PROJECT-SERVICE1/192.168.1.8:project-service1:8085 - registration status: 204
2023-06-14T05:05:05.190+01:00  INFO 24552 --- [           main] i.a.a.c.impl.AxonServerManagedChannel    : Requesting connection details from localhost:8124
2023-06-14T05:05:05.654+01:00  INFO 24552 --- [           main] i.a.a.c.impl.AxonServerManagedChannel    : Successfully connected to localhost:8124
2023-06-14T05:05:05.669+01:00  INFO 24552 --- [           main] i.a.a.connector.impl.ControlChannelImpl  : Connected instruction stream for context 'default'. Sending client identification
2023-06-14T05:05:05.696+01:00  INFO 24552 --- [           main] i.a.a.c.command.impl.CommandChannelImpl  : CommandChannel for context 'default' connected, 0 command handlers registered
2023-06-14T05:05:05.700+01:00  INFO 24552 --- [           main] i.a.a.c.command.impl.CommandChannelImpl  : Registered handler for command 'com.example.Erp.commonApi.commands.TacheCommand.CreateTacheCommand' in context 'default'
2023-06-14T05:05:05.705+01:00  INFO 24552 --- [           main] i.a.a.c.command.impl.CommandChannelImpl  : Registered handler for command 'com.example.Erp.commonApi.commands.TacheCommand.CompleteTacheCommand' in context 'default'
2023-06-14T05:05:05.706+01:00  INFO 24552 --- [           main] i.a.a.c.command.impl.CommandChannelImpl  : Registered handler for command 'com.example.Erp.commonApi.commands.TacheCommand.StartedTacheCommand' in context 'default'
2023-06-14T05:05:05.707+01:00  INFO 24552 --- [           main] i.a.a.c.command.impl.CommandChannelImpl  : Registered handler for command 'com.example.Erp.commonApi.commands.TacheCommand.UpdateTacheCommand' in context 'default'
2023-06-14T05:05:05.708+01:00  INFO 24552 --- [           main] i.a.a.c.command.impl.CommandChannelImpl  : Registered handler for command 'com.example.Erp.commonApi.commands.TacheCommand.DeleteTacheCommand' in context 'default'
2023-06-14T05:05:05.709+01:00  INFO 24552 --- [           main] i.a.a.c.command.impl.CommandChannelImpl  : Registered handler for command 'com.example.Erp.commonApi.commands.TacheCommand.TesteTacheCommand' in context 'default'
2023-06-14T05:05:05.716+01:00  INFO 24552 --- [           main] i.a.a.c.command.impl.CommandChannelImpl  : Registered handler for command 'com.example.Erp.commonApi.commands.BranchCommand.CreateBranchCommand' in context 'default'
2023-06-14T05:05:05.716+01:00  INFO 24552 --- [           main] i.a.a.c.command.impl.CommandChannelImpl  : Registered handler for command 'com.example.Erp.commonApi.commands.BranchCommand.UpdateBranchCommand' in context 'default'
2023-06-14T05:05:05.719+01:00  INFO 24552 --- [           main] i.a.a.c.command.impl.CommandChannelImpl  : Registered handler for command 'com.example.Erp.commonApi.commands.ProjectCommand.CreateProjectCommand' in context 'default'
2023-06-14T05:05:05.719+01:00  INFO 24552 --- [           main] i.a.a.c.command.impl.CommandChannelImpl  : Registered handler for command 'com.example.Erp.commonApi.commands.ProjectCommand.DeletProjectCommand' in context 'default'
2023-06-14T05:05:05.721+01:00  INFO 24552 --- [           main] i.a.a.c.command.impl.CommandChannelImpl  : Registered handler for command 'com.example.Erp.commonApi.commands.ProjectCommand.UpdateProjectCommand' in context 'default'
2023-06-14T05:05:05.723+01:00  INFO 24552 --- [           main] i.a.a.c.command.impl.CommandChannelImpl  : Registered handler for command 'com.example.Erp.commonApi.commands.ModuleCommand.DeleteModuleCommand' in context 'default'
2023-06-14T05:05:05.723+01:00  INFO 24552 --- [           main] i.a.a.c.command.impl.CommandChannelImpl  : Registered handler for command 'com.example.Erp.commonApi.commands.ModuleCommand.CreateModuleCommand' in context 'default'
2023-06-14T05:05:05.724+01:00  INFO 24552 --- [           main] i.a.a.c.command.impl.CommandChannelImpl  : Registered handler for command 'com.example.Erp.commonApi.commands.ModuleCommand.UpdateModuleCommand' in context 'default'
2023-06-14T05:05:05.773+01:00  INFO 24552 --- [           main] i.a.a.c.query.impl.QueryChannelImpl      : QueryChannel for context 'default' connected, 0 registrations resubscribed
2023-06-14T05:05:05.796+01:00  INFO 24552 --- [           main] i.a.a.c.query.impl.QueryChannelImpl      : Registered handler for query 'com.example.Erp.commonApi.queries.ModuleQueries.GetByProject : java.util.List<com.example.Erp.query.entities.Module>' in context 'default'
2023-06-14T05:05:05.798+01:00  INFO 24552 --- [           main] i.a.a.c.query.impl.QueryChannelImpl      : Registered handler for query 'com.example.Erp.commonApi.queries.ModuleQueries.GetAllModuleQuery : java.util.List<com.example.Erp.query.entities.Module>' in context 'default'
2023-06-14T05:05:05.800+01:00  INFO 24552 --- [           main] i.a.a.c.query.impl.QueryChannelImpl      : Registered handler for query 'com.example.Erp.commonApi.queries.ProjectQueries.GetAllProjectQuery : java.util.List<com.example.Erp.query.entities.Project>' in context 'default'
2023-06-14T05:05:05.801+01:00  INFO 24552 --- [           main] i.a.a.c.query.impl.QueryChannelImpl      : Registered handler for query 'com.example.Erp.commonApi.queries.ProjectQueries.GetById : java.util.List<com.example.Erp.query.entities.Project>' in context 'default'
2023-06-14T05:05:05.803+01:00  INFO 24552 --- [           main] i.a.a.c.query.impl.QueryChannelImpl      : Registered handler for query 'com.example.Erp.commonApi.queries.BranchQueries.GetByProject : java.util.List<com.example.Erp.query.entities.Branche>' in context 'default'
2023-06-14T05:05:05.804+01:00  INFO 24552 --- [           main] i.a.a.c.query.impl.QueryChannelImpl      : Registered handler for query 'com.example.Erp.commonApi.queries.BranchQueries.GetAllBranchQuery : java.util.List<com.example.Erp.query.entities.Branche>' in context 'default'
2023-06-14T05:05:05.809+01:00  INFO 24552 --- [           main] i.a.a.c.query.impl.QueryChannelImpl      : Registered handler for query 'com.example.Erp.commonApi.queries.TacheQueries.GetTacheByProject : java.util.List<com.example.Erp.query.entities.Tache>' in context 'default'
2023-06-14T05:05:05.810+01:00  INFO 24552 --- [           main] i.a.a.c.query.impl.QueryChannelImpl      : Registered handler for query 'com.example.Erp.commonApi.queries.TacheQueries.GetAllTacheQuery : java.util.List<com.example.Erp.query.entities.Tache>' in context 'default'
2023-06-14T05:05:06.198+01:00  INFO 24552 --- [           main] com.example.Erp.ProjectAggregateTest     : Started ProjectAggregateTest in 21.383 seconds (process running for 23.495)
2023-06-14T05:05:06.622+01:00  INFO 24552 --- [uery.service]-0] o.a.e.TrackingEventProcessor             : Worker assigned to segment Segment[0/0] for processing
2023-06-14T05:05:06.671+01:00  INFO 24552 --- [uery.service]-0] o.a.e.TrackingEventProcessor             : Using current Thread for last segment worker: TrackingSegmentWorker{processor=com.example.Erp.query.service, segment=Segment[0/0]}
2023-06-14T05:05:06.693+01:00  INFO 24552 --- [uery.service]-0] o.a.e.TrackingEventProcessor             : Fetched token: IndexTrackingToken{globalIndex=479} for segment: Segment[0/0]
]]></system-out>
  </testcase>
</testsuite>