<?xml version="1.0" encoding="UTF-8"?>
<testsuite xmlns:xsi="http://www.w3.org/2001/XMLSchema-instance" xsi:noNamespaceSchemaLocation="https://maven.apache.org/surefire/maven-surefire-plugin/xsd/surefire-test-report-3.0.xsd" version="3.0" name="org.oga.gestioncras.GestCrasTest" time="29.215" tests="1" errors="0" skipped="0" failures="0">
  <properties>
[...]
</properties>
  <testcase name="testCreteCras" classname="org.oga.gestioncras.GestCrasTest" time="1.011">
    <system-out><![CDATA[00:01:52.037 [main] DEBUG org.springframework.boot.test.context.SpringBootTestContextBootstrapper -- Neither @ContextConfiguration nor @ContextHierarchy found for test class [GestCrasTest]: using SpringBootContextLoader
00:01:52.043 [main] DEBUG org.springframework.test.context.support.AbstractContextLoader -- Could not detect default resource locations for test class [org.oga.gestioncras.GestCrasTest]: no resource found for suffixes {-context.xml, Context.groovy}.
00:01:52.044 [main] INFO org.springframework.test.context.support.AnnotationConfigContextLoaderUtils -- Could not detect default configuration classes for test class [org.oga.gestioncras.GestCrasTest]: GestCrasTest does not declare any static, non-private, non-final, nested classes annotated with @Configuration.
00:01:52.094 [main] DEBUG org.springframework.boot.test.context.SpringBootTestContextBootstrapper -- Using ContextCustomizers for test class [GestCrasTest]: [ExcludeFilterContextCustomizer, DuplicateJsonObjectContextCustomizer, MockitoContextCustomizer, TestRestTemplateContextCustomizer, DisableObservabilityContextCustomizer, PropertyMappingContextCustomizer, Customizer]
00:01:52.256 [main] DEBUG org.springframework.context.annotation.ClassPathScanningCandidateComponentProvider -- Identified candidate component class: file [/home/asus/Bureau/workSpace/erp_project/GestionCRAsBack-master/target/classes/org/oga/gestioncras/GestionCrAsApplication.class]
00:01:52.258 [main] INFO org.springframework.boot.test.context.SpringBootTestContextBootstrapper -- Found @SpringBootConfiguration org.oga.gestioncras.GestionCrAsApplication for test class org.oga.gestioncras.GestCrasTest
00:01:52.601 [main] DEBUG org.springframework.boot.test.context.SpringBootTestContextBootstrapper -- Using TestExecutionListeners for test class [GestCrasTest]: [ServletTestExecutionListener, DirtiesContextBeforeModesTestExecutionListener, ApplicationEventsTestExecutionListener, MockitoTestExecutionListener, DependencyInjectionTestExecutionListener, DirtiesContextTestExecutionListener, TransactionalTestExecutionListener, SqlScriptsTestExecutionListener, EventPublishingTestExecutionListener, ResetMocksTestExecutionListener, RestDocsTestExecutionListener, MockRestServiceServerResetTestExecutionListener, MockMvcPrintOnlyOnFailureTestExecutionListener, WebDriverTestExecutionListener, MockWebServiceServerTestExecutionListener]
00:01:52.604 [main] DEBUG org.springframework.test.annotation.ProfileValueUtils -- Retrieved @ProfileValueSourceConfiguration [null] for test class [org.oga.gestioncras.GestCrasTest]
00:01:52.606 [main] DEBUG org.springframework.test.annotation.ProfileValueUtils -- Retrieved ProfileValueSource type [class org.springframework.test.annotation.SystemProfileValueSource] for class [org.oga.gestioncras.GestCrasTest]
00:01:52.608 [main] DEBUG org.springframework.test.annotation.ProfileValueUtils -- Retrieved @ProfileValueSourceConfiguration [null] for test class [org.oga.gestioncras.GestCrasTest]
00:01:52.609 [main] DEBUG org.springframework.test.annotation.ProfileValueUtils -- Retrieved ProfileValueSource type [class org.springframework.test.annotation.SystemProfileValueSource] for class [org.oga.gestioncras.GestCrasTest]
00:01:52.612 [main] DEBUG org.springframework.test.annotation.ProfileValueUtils -- Retrieved @ProfileValueSourceConfiguration [null] for test class [org.oga.gestioncras.GestCrasTest]
00:01:52.613 [main] DEBUG org.springframework.test.annotation.ProfileValueUtils -- Retrieved ProfileValueSource type [class org.springframework.test.annotation.SystemProfileValueSource] for class [org.oga.gestioncras.GestCrasTest]
00:01:52.690 [main] DEBUG org.springframework.boot.test.context.SpringBootTestContextBootstrapper -- Neither @ContextConfiguration nor @ContextHierarchy found for test class [GestCrasTest]: using SpringBootContextLoader
00:01:52.691 [main] DEBUG org.springframework.test.context.support.AbstractContextLoader -- Could not detect default resource locations for test class [org.oga.gestioncras.GestCrasTest]: no resource found for suffixes {-context.xml, Context.groovy}.
00:01:52.692 [main] INFO org.springframework.test.context.support.AnnotationConfigContextLoaderUtils -- Could not detect default configuration classes for test class [org.oga.gestioncras.GestCrasTest]: GestCrasTest does not declare any static, non-private, non-final, nested classes annotated with @Configuration.
00:01:52.697 [main] DEBUG org.springframework.boot.test.context.SpringBootTestContextBootstrapper -- Using ContextCustomizers for test class [GestCrasTest]: [ExcludeFilterContextCustomizer, DuplicateJsonObjectContextCustomizer, MockitoContextCustomizer, TestRestTemplateContextCustomizer, DisableObservabilityContextCustomizer, PropertyMappingContextCustomizer, Customizer]
00:01:52.698 [main] INFO org.springframework.boot.test.context.SpringBootTestContextBootstrapper -- Found @SpringBootConfiguration org.oga.gestioncras.GestionCrAsApplication for test class org.oga.gestioncras.GestCrasTest
00:01:52.704 [main] DEBUG org.springframework.boot.test.context.SpringBootTestContextBootstrapper -- Using TestExecutionListeners for test class [GestCrasTest]: [ServletTestExecutionListener, DirtiesContextBeforeModesTestExecutionListener, ApplicationEventsTestExecutionListener, MockitoTestExecutionListener, DependencyInjectionTestExecutionListener, DirtiesContextTestExecutionListener, TransactionalTestExecutionListener, SqlScriptsTestExecutionListener, EventPublishingTestExecutionListener, ResetMocksTestExecutionListener, RestDocsTestExecutionListener, MockRestServiceServerResetTestExecutionListener, MockMvcPrintOnlyOnFailureTestExecutionListener, WebDriverTestExecutionListener, MockWebServiceServerTestExecutionListener]
00:01:52.705 [main] DEBUG org.springframework.test.annotation.ProfileValueUtils -- Retrieved @ProfileValueSourceConfiguration [null] for test class [org.oga.gestioncras.GestCrasTest]
00:01:52.705 [main] DEBUG org.springframework.test.annotation.ProfileValueUtils -- Retrieved ProfileValueSource type [class org.springframework.test.annotation.SystemProfileValueSource] for class [org.oga.gestioncras.GestCrasTest]
00:01:52.706 [main] DEBUG org.springframework.test.annotation.ProfileValueUtils -- Retrieved @ProfileValueSourceConfiguration [null] for test class [org.oga.gestioncras.GestCrasTest]
00:01:52.706 [main] DEBUG org.springframework.test.annotation.ProfileValueUtils -- Retrieved ProfileValueSource type [class org.springframework.test.annotation.SystemProfileValueSource] for class [org.oga.gestioncras.GestCrasTest]
00:01:52.706 [main] DEBUG org.springframework.test.annotation.ProfileValueUtils -- Retrieved @ProfileValueSourceConfiguration [null] for test class [org.oga.gestioncras.GestCrasTest]
00:01:52.706 [main] DEBUG org.springframework.test.annotation.ProfileValueUtils -- Retrieved ProfileValueSource type [class org.springframework.test.annotation.SystemProfileValueSource] for class [org.oga.gestioncras.GestCrasTest]
00:01:52.877 [main] DEBUG org.springframework.test.annotation.ProfileValueUtils -- Retrieved @ProfileValueSourceConfiguration [null] for test class [org.oga.gestioncras.GestCrasTest]
00:01:52.878 [main] DEBUG org.springframework.test.annotation.ProfileValueUtils -- Retrieved ProfileValueSource type [class org.springframework.test.annotation.SystemProfileValueSource] for class [org.oga.gestioncras.GestCrasTest]
00:01:52.897 [main] DEBUG org.springframework.test.annotation.ProfileValueUtils -- Retrieved @ProfileValueSourceConfiguration [null] for test class [org.oga.gestioncras.GestCrasTest]
00:01:52.898 [main] DEBUG org.springframework.test.annotation.ProfileValueUtils -- Retrieved ProfileValueSource type [class org.springframework.test.annotation.SystemProfileValueSource] for class [org.oga.gestioncras.GestCrasTest]
00:01:52.899 [main] DEBUG org.springframework.test.annotation.ProfileValueUtils -- Retrieved @ProfileValueSourceConfiguration [null] for test class [org.oga.gestioncras.GestCrasTest]
00:01:52.900 [main] DEBUG org.springframework.test.annotation.ProfileValueUtils -- Retrieved ProfileValueSource type [class org.springframework.test.annotation.SystemProfileValueSource] for class [org.oga.gestioncras.GestCrasTest]
00:01:52.908 [main] DEBUG org.springframework.test.context.support.AbstractDirtiesContextTestExecutionListener -- Before test class: class [GestCrasTest], class annotated with @DirtiesContext [false] with mode [null]
00:01:52.912 [main] DEBUG org.springframework.test.annotation.ProfileValueUtils -- Retrieved @ProfileValueSourceConfiguration [null] for test class [org.oga.gestioncras.GestCrasTest]
00:01:52.912 [main] DEBUG org.springframework.test.annotation.ProfileValueUtils -- Retrieved ProfileValueSource type [class org.springframework.test.annotation.SystemProfileValueSource] for class [org.oga.gestioncras.GestCrasTest]

  .   ____          _            __ _ _
 /\\ / ___'_ __ _ _(_)_ __  __ _ \ \ \ \
( ( )\___ | '_ | '_| | '_ \/ _` | \ \ \ \
 \\/  ___)| |_)| | | | | || (_| |  ) ) ) )
  '  |____| .__|_| |_|_| |_\__, | / / / /
 =========|_|==============|___/=/_/_/_/
 :: Spring Boot ::                (v3.0.5)

2023-06-16T00:01:54.602+01:00  INFO 64744 --- [           main] org.oga.gestioncras.GestCrasTest         : Starting GestCrasTest using Java 17.0.7 with PID 64744 (started by asus in /home/asus/Bureau/workSpace/erp_project/GestionCRAsBack-master)
2023-06-16T00:01:54.605+01:00  INFO 64744 --- [           main] org.oga.gestioncras.GestCrasTest         : No active profile set, falling back to 1 default profile: "default"
2023-06-16T00:01:54.917+01:00  WARN 64744 --- [           main] o.s.c.annotation.AnnotationTypeMapping   : Support for convention-based annotation attribute overrides is deprecated and will be removed in Spring Framework 6.1. Please annotate the following attributes in @org.axonframework.spring.stereotype.Aggregate with appropriate @AliasFor declarations: [type]
2023-06-16T00:01:54.925+01:00  WARN 64744 --- [           main] o.s.c.annotation.AnnotationTypeMapping   : Support for convention-based annotation attribute overrides is deprecated and will be removed in Spring Framework 6.1. Please annotate the following attributes in @org.axonframework.eventsourcing.EventSourcingHandler with appropriate @AliasFor declarations: [payloadType]
2023-06-16T00:01:54.927+01:00  WARN 64744 --- [           main] o.s.c.annotation.AnnotationTypeMapping   : Support for convention-based annotation attribute overrides is deprecated and will be removed in Spring Framework 6.1. Please annotate the following attributes in @org.axonframework.eventsourcing.EventSourcingHandler with appropriate @AliasFor declarations: [payloadType]
2023-06-16T00:01:54.929+01:00  WARN 64744 --- [           main] o.s.c.annotation.AnnotationTypeMapping   : Support for convention-based annotation attribute overrides is deprecated and will be removed in Spring Framework 6.1. Please annotate the following attributes in @org.axonframework.commandhandling.CommandHandler with appropriate @AliasFor declarations: [payloadType]
2023-06-16T00:01:55.071+01:00  WARN 64744 --- [           main] o.s.c.annotation.AnnotationTypeMapping   : Support for convention-based annotation attribute overrides is deprecated and will be removed in Spring Framework 6.1. Please annotate the following attributes in @org.axonframework.eventhandling.EventHandler with appropriate @AliasFor declarations: [payloadType]
2023-06-16T00:01:56.943+01:00  INFO 64744 --- [           main] .s.d.r.c.RepositoryConfigurationDelegate : Bootstrapping Spring Data JPA repositories in DEFAULT mode.
2023-06-16T00:01:57.304+01:00  INFO 64744 --- [           main] .s.d.r.c.RepositoryConfigurationDelegate : Finished Spring Data repository scanning in 349 ms. Found 1 JPA repository interfaces.
2023-06-16T00:01:57.865+01:00  INFO 64744 --- [           main] o.s.cloud.context.scope.GenericScope     : BeanFactory id=fa53afc2-c85c-3c7d-96c8-c141505b7787
2023-06-16T00:01:59.213+01:00  WARN 64744 --- [           main] o.s.c.annotation.AnnotationTypeMapping   : Support for convention-based annotation attribute overrides is deprecated and will be removed in Spring Framework 6.1. Please annotate the following attributes in @org.axonframework.modelling.command.AggregateIdentifier with appropriate @AliasFor declarations: [routingKey]
2023-06-16T00:01:59.703+01:00  INFO 64744 --- [           main] o.hibernate.jpa.internal.util.LogHelper  : HHH000204: Processing PersistenceUnitInfo [name: default]
2023-06-16T00:01:59.806+01:00  INFO 64744 --- [           main] org.hibernate.Version                    : HHH000412: Hibernate ORM core version 6.1.7.Final
2023-06-16T00:02:00.386+01:00  INFO 64744 --- [           main] com.zaxxer.hikari.HikariDataSource       : HikariPool-1 - Starting...
2023-06-16T00:02:01.716+01:00  INFO 64744 --- [           main] com.zaxxer.hikari.pool.HikariPool        : HikariPool-1 - Added connection org.postgresql.jdbc.PgConnection@2579d8a
2023-06-16T00:02:01.727+01:00  INFO 64744 --- [           main] com.zaxxer.hikari.HikariDataSource       : HikariPool-1 - Start completed.
2023-06-16T00:02:01.861+01:00  INFO 64744 --- [           main] SQL dialect                              : HHH000400: Using dialect: org.hibernate.dialect.PostgreSQLDialect
2023-06-16T00:02:04.099+01:00  INFO 64744 --- [           main] o.h.e.t.j.p.i.JtaPlatformInitiator       : HHH000490: Using JtaPlatform implementation: [org.hibernate.engine.transaction.jta.platform.internal.NoJtaPlatform]
2023-06-16T00:02:04.118+01:00  INFO 64744 --- [           main] j.LocalContainerEntityManagerFactoryBean : Initialized JPA EntityManagerFactory for persistence unit 'default'
2023-06-16T00:02:04.342+01:00  INFO 64744 --- [           main] o.a.s.a.XStreamAutoConfiguration         : Initializing an XStream instance since none was found. The auto configuration base packages will be used as wildcards for the XStream security settings.
2023-06-16T00:02:04.660+01:00  INFO 64744 --- [           main] o.a.s.util.XStreamSecurityTypeUtility    : Constructing wildcard type for base package [org.oga.gestioncras].
2023-06-16T00:02:04.660+01:00  INFO 64744 --- [           main] o.a.s.util.XStreamSecurityTypeUtility    : Constructing wildcard type for base package [org.axonframework.eventhandling.tokenstore].
2023-06-16T00:02:04.660+01:00  INFO 64744 --- [           main] o.a.s.util.XStreamSecurityTypeUtility    : Constructing wildcard type for base package [org.axonframework.eventhandling.deadletter.jpa].
2023-06-16T00:02:04.660+01:00  INFO 64744 --- [           main] o.a.s.util.XStreamSecurityTypeUtility    : Constructing wildcard type for base package [org.axonframework.modelling.saga.repository.jpa].
2023-06-16T00:02:04.661+01:00  INFO 64744 --- [           main] o.a.s.util.XStreamSecurityTypeUtility    : Constructing wildcard type for base package [org.axonframework.eventsourcing.eventstore.jpa].
2023-06-16T00:02:04.680+01:00  INFO 64744 --- [           main] o.a.serialization.ChainingConverter      : ContentTypeConverter of type [class org.axonframework.serialization.xml.Dom4JToByteArrayConverter] is ignored. It seems to rely on a class that is not available in the class loader: org/dom4j/Document
2023-06-16T00:02:04.681+01:00  INFO 64744 --- [           main] o.a.serialization.ChainingConverter      : ContentTypeConverter of type [class org.axonframework.serialization.xml.InputStreamToDom4jConverter] is ignored. It seems to rely on a class that is not available in the class loader: org/dom4j/Document
2023-06-16T00:02:04.682+01:00  INFO 64744 --- [           main] o.a.serialization.ChainingConverter      : ContentTypeConverter of type [class org.axonframework.serialization.xml.XomToStringConverter] is ignored. It seems to rely on a class that is not available in the class loader: nu/xom/Document
2023-06-16T00:02:04.683+01:00  INFO 64744 --- [           main] o.a.serialization.ChainingConverter      : ContentTypeConverter of type [class org.axonframework.serialization.xml.InputStreamToXomConverter] is ignored. It seems to rely on a class that is not available in the class loader: nu/xom/ParsingException
2023-06-16T00:02:06.194+01:00  WARN 64744 --- [           main] JpaBaseConfiguration$JpaWebConfiguration : spring.jpa.open-in-view is enabled by default. Therefore, database queries may be performed during view rendering. Explicitly configure spring.jpa.open-in-view to disable this warning
2023-06-16T00:02:08.864+01:00  INFO 64744 --- [           main] DiscoveryClientOptionalArgsConfiguration : Eureka HTTP Client uses RestTemplate.
2023-06-16T00:02:09.007+01:00  WARN 64744 --- [           main] iguration$LoadBalancerCaffeineWarnLogger : Spring Cloud LoadBalancer is currently working with the default cache. While this cache implementation is useful for development and tests, it's recommended to use Caffeine cache in production.You can switch to using Caffeine cache, by adding it and org.springframework.cache.caffeine.CaffeineCacheManager to the classpath.
2023-06-16T00:02:09.120+01:00  INFO 64744 --- [           main] o.a.k.clients.admin.AdminClientConfig    : AdminClientConfig values: 
	bootstrap.servers = [localhost:9092]
	client.dns.lookup = use_all_dns_ips
	client.id = 
	connections.max.idle.ms = 300000
	default.api.timeout.ms = 60000
	metadata.max.age.ms = 300000
	metric.reporters = []
	metrics.num.samples = 2
	metrics.recording.level = INFO
	metrics.sample.window.ms = 30000
	receive.buffer.bytes = 65536
	reconnect.backoff.max.ms = 1000
	reconnect.backoff.ms = 50
	request.timeout.ms = 30000
	retries = 2147483647
	retry.backoff.ms = 100
	sasl.client.callback.handler.class = null
	sasl.jaas.config = null
	sasl.kerberos.kinit.cmd = /usr/bin/kinit
	sasl.kerberos.min.time.before.relogin = 60000
	sasl.kerberos.service.name = null
	sasl.kerberos.ticket.renew.jitter = 0.05
	sasl.kerberos.ticket.renew.window.factor = 0.8
	sasl.login.callback.handler.class = null
	sasl.login.class = null
	sasl.login.connect.timeout.ms = null
	sasl.login.read.timeout.ms = null
	sasl.login.refresh.buffer.seconds = 300
	sasl.login.refresh.min.period.seconds = 60
	sasl.login.refresh.window.factor = 0.8
	sasl.login.refresh.window.jitter = 0.05
	sasl.login.retry.backoff.max.ms = 10000
	sasl.login.retry.backoff.ms = 100
	sasl.mechanism = GSSAPI
	sasl.oauthbearer.clock.skew.seconds = 30
	sasl.oauthbearer.expected.audience = null
	sasl.oauthbearer.expected.issuer = null
	sasl.oauthbearer.jwks.endpoint.refresh.ms = 3600000
	sasl.oauthbearer.jwks.endpoint.retry.backoff.max.ms = 10000
	sasl.oauthbearer.jwks.endpoint.retry.backoff.ms = 100
	sasl.oauthbearer.jwks.endpoint.url = null
	sasl.oauthbearer.scope.claim.name = scope
	sasl.oauthbearer.sub.claim.name = sub
	sasl.oauthbearer.token.endpoint.url = null
	security.protocol = PLAINTEXT
	security.providers = null
	send.buffer.bytes = 131072
	socket.connection.setup.timeout.max.ms = 30000
	socket.connection.setup.timeout.ms = 10000
	ssl.cipher.suites = null
	ssl.enabled.protocols = [TLSv1.2, TLSv1.3]
	ssl.endpoint.identification.algorithm = https
	ssl.engine.factory.class = null
	ssl.key.password = null
	ssl.keymanager.algorithm = SunX509
	ssl.keystore.certificate.chain = null
	ssl.keystore.key = null
	ssl.keystore.location = null
	ssl.keystore.password = null
	ssl.keystore.type = JKS
	ssl.protocol = TLSv1.3
	ssl.provider = null
	ssl.secure.random.implementation = null
	ssl.trustmanager.algorithm = PKIX
	ssl.truststore.certificates = null
	ssl.truststore.location = null
	ssl.truststore.password = null
	ssl.truststore.type = JKS

2023-06-16T00:02:09.485+01:00  INFO 64744 --- [           main] o.a.kafka.common.utils.AppInfoParser     : Kafka version: 3.3.2
2023-06-16T00:02:09.485+01:00  INFO 64744 --- [           main] o.a.kafka.common.utils.AppInfoParser     : Kafka commitId: b66af662e61082cb
2023-06-16T00:02:09.485+01:00  INFO 64744 --- [           main] o.a.kafka.common.utils.AppInfoParser     : Kafka startTimeMs: 1686870129483
2023-06-16T00:02:11.066+01:00  INFO 64744 --- [| adminclient-1] o.a.kafka.common.utils.AppInfoParser     : App info kafka.admin.client for adminclient-1 unregistered
2023-06-16T00:02:11.146+01:00  INFO 64744 --- [| adminclient-1] o.apache.kafka.common.metrics.Metrics    : Metrics scheduler closed
2023-06-16T00:02:11.147+01:00  INFO 64744 --- [| adminclient-1] o.apache.kafka.common.metrics.Metrics    : Closing reporter org.apache.kafka.common.metrics.JmxReporter
2023-06-16T00:02:11.148+01:00  INFO 64744 --- [| adminclient-1] o.apache.kafka.common.metrics.Metrics    : Metrics reporters closed
2023-06-16T00:02:11.318+01:00  INFO 64744 --- [           main] o.s.c.n.eureka.InstanceInfoFactory       : Setting initial instance status as: STARTING
2023-06-16T00:02:12.897+01:00  INFO 64744 --- [           main] com.netflix.discovery.DiscoveryClient    : Initializing Eureka in region us-east-1
2023-06-16T00:02:13.329+01:00  INFO 64744 --- [           main] c.n.d.s.r.aws.ConfigClusterResolver      : Resolving eureka endpoints via configuration
2023-06-16T00:02:14.783+01:00  INFO 64744 --- [           main] com.netflix.discovery.DiscoveryClient    : Disable delta property : false
2023-06-16T00:02:14.858+01:00  INFO 64744 --- [           main] com.netflix.discovery.DiscoveryClient    : Single vip registry refresh property : null
2023-06-16T00:02:14.860+01:00  INFO 64744 --- [           main] com.netflix.discovery.DiscoveryClient    : Force full registry fetch : false
2023-06-16T00:02:14.915+01:00  INFO 64744 --- [           main] com.netflix.discovery.DiscoveryClient    : Application is null : false
2023-06-16T00:02:14.925+01:00  INFO 64744 --- [           main] com.netflix.discovery.DiscoveryClient    : Registered Applications size is zero : true
2023-06-16T00:02:14.928+01:00  INFO 64744 --- [           main] com.netflix.discovery.DiscoveryClient    : Application version is -1: true
2023-06-16T00:02:14.930+01:00  INFO 64744 --- [           main] com.netflix.discovery.DiscoveryClient    : Getting all instance registry info from the eureka server
2023-06-16T00:02:18.364+01:00  INFO 64744 --- [           main] com.netflix.discovery.DiscoveryClient    : The response status is 200
2023-06-16T00:02:18.369+01:00  INFO 64744 --- [           main] com.netflix.discovery.DiscoveryClient    : Starting heartbeat executor: renew interval is: 30
2023-06-16T00:02:18.375+01:00  INFO 64744 --- [           main] c.n.discovery.InstanceInfoReplicator     : InstanceInfoReplicator onDemand update allowed rate per min is 4
2023-06-16T00:02:18.386+01:00  INFO 64744 --- [           main] com.netflix.discovery.DiscoveryClient    : Discovery Client initialized at timestamp 1686870138385 with initial instances count: 1
2023-06-16T00:02:18.391+01:00  INFO 64744 --- [           main] o.s.c.n.e.s.EurekaServiceRegistry        : Registering application CRAS-SERVICE1 with eureka with status UP
2023-06-16T00:02:18.392+01:00  INFO 64744 --- [           main] com.netflix.discovery.DiscoveryClient    : Saw local status change event StatusChangeEvent [timestamp=1686870138392, current=UP, previous=STARTING]
2023-06-16T00:02:18.401+01:00  INFO 64744 --- [nfoReplicator-0] com.netflix.discovery.DiscoveryClient    : DiscoveryClient_CRAS-SERVICE1/192.168.1.8:Cras-service1:8065: registering service...
2023-06-16T00:02:18.666+01:00  INFO 64744 --- [nfoReplicator-0] com.netflix.discovery.DiscoveryClient    : DiscoveryClient_CRAS-SERVICE1/192.168.1.8:Cras-service1:8065 - registration status: 204
2023-06-16T00:02:19.178+01:00  INFO 64744 --- [           main] i.a.a.c.impl.AxonServerManagedChannel    : Requesting connection details from localhost:8124
2023-06-16T00:02:20.140+01:00  INFO 64744 --- [           main] i.a.a.c.impl.AxonServerManagedChannel    : Successfully connected to localhost:8124
2023-06-16T00:02:20.167+01:00  INFO 64744 --- [           main] i.a.a.connector.impl.ControlChannelImpl  : Connected instruction stream for context 'default'. Sending client identification
2023-06-16T00:02:20.209+01:00  INFO 64744 --- [           main] i.a.a.c.command.impl.CommandChannelImpl  : CommandChannel for context 'default' connected, 0 command handlers registered
2023-06-16T00:02:20.216+01:00  INFO 64744 --- [           main] i.a.a.c.command.impl.CommandChannelImpl  : Registered handler for command 'org.oga.gestioncras.commands.commonapi.DeleteCRAsCommand' in context 'default'
2023-06-16T00:02:20.227+01:00  INFO 64744 --- [           main] i.a.a.c.command.impl.CommandChannelImpl  : Registered handler for command 'org.oga.gestioncras.commands.commonapi.UpdateCRAsCommand' in context 'default'
2023-06-16T00:02:20.228+01:00  INFO 64744 --- [           main] i.a.a.c.command.impl.CommandChannelImpl  : Registered handler for command 'org.oga.gestioncras.commands.commonapi.ConfirmedCRAsCommand' in context 'default'
2023-06-16T00:02:20.229+01:00  INFO 64744 --- [           main] i.a.a.c.command.impl.CommandChannelImpl  : Registered handler for command 'org.oga.gestioncras.commands.commonapi.RejectedCRAsCommand' in context 'default'
2023-06-16T00:02:20.231+01:00  INFO 64744 --- [           main] i.a.a.c.command.impl.CommandChannelImpl  : Registered handler for command 'org.oga.gestioncras.commands.commonapi.CreateCRAsCommand' in context 'default'
2023-06-16T00:02:20.399+01:00  INFO 64744 --- [           main] i.a.a.c.query.impl.QueryChannelImpl      : QueryChannel for context 'default' connected, 0 registrations resubscribed
2023-06-16T00:02:20.421+01:00  INFO 64744 --- [           main] i.a.a.c.query.impl.QueryChannelImpl      : Registered handler for query 'org.oga.gestioncras.queries.dtos.GetAllCRAsByStatusQueryDTO : java.util.List<org.oga.gestioncras.queries.entities.CRAs>' in context 'default'
2023-06-16T00:02:20.429+01:00  INFO 64744 --- [           main] i.a.a.c.query.impl.QueryChannelImpl      : Registered handler for query 'org.oga.gestioncras.queries.dtos.GetAllCRAsQueryDTO : java.util.List<org.oga.gestioncras.queries.entities.CRAs>' in context 'default'
2023-06-16T00:02:20.433+01:00  INFO 64744 --- [           main] i.a.a.c.query.impl.QueryChannelImpl      : Registered handler for query 'org.oga.gestioncras.queries.dtos.GetCRAsQueryDTO : org.oga.gestioncras.queries.entities.CRAs' in context 'default'
Hibernate: 
    select
        t1_0.processor_name,
        t1_0.segment,
        t1_0.owner,
        t1_0.timestamp,
        t1_0.token,
        t1_0.token_type 
    from
        token_entry t1_0 
    where
        (
            t1_0.processor_name,t1_0.segment
        ) in((?,?))
Hibernate: 
    select
        t1_0.segment 
    from
        token_entry t1_0 
    where
        t1_0.processor_name=? 
    order by
        t1_0.segment asc
Hibernate: 
    select
        t1_0.processor_name,
        t1_0.segment,
        t1_0.owner,
        t1_0.timestamp,
        t1_0.token,
        t1_0.token_type 
    from
        token_entry t1_0 
    where
        t1_0.processor_name=? 
    order by
        t1_0.segment asc
Hibernate: 
    select
        t1_0.processor_name,
        t1_0.segment,
        t1_0.owner,
        t1_0.timestamp,
        t1_0.token,
        t1_0.token_type 
    from
        token_entry t1_0 
    where
        (
            t1_0.processor_name,t1_0.segment
        ) in((?,?)) for no key update
Hibernate: 
    select
        t1_0.processor_name,
        t1_0.segment,
        t1_0.owner,
        t1_0.timestamp,
        t1_0.token,
        t1_0.token_type 
    from
        token_entry t1_0 
    where
        (
            t1_0.processor_name,t1_0.segment
        ) in((?,?)) for no key update
2023-06-16T00:02:20.895+01:00  INFO 64744 --- [ies.services]-0] o.a.e.TrackingEventProcessor             : Worker assigned to segment Segment[0/0] for processing
2023-06-16T00:02:20.937+01:00  INFO 64744 --- [           main] org.oga.gestioncras.GestCrasTest         : Started GestCrasTest in 27.795 seconds (process running for 30.336)
Hibernate: 
    update
        token_entry 
    set
        owner=?,
        timestamp=?,
        token=?,
        token_type=? 
    where
        processor_name=? 
        and segment=?
2023-06-16T00:02:20.999+01:00  INFO 64744 --- [ies.services]-0] o.a.e.TrackingEventProcessor             : Using current Thread for last segment worker: TrackingSegmentWorker{processor=org.oga.gestioncras.queries.services, segment=Segment[0/0]}
Hibernate: 
    select
        t1_0.processor_name,
        t1_0.segment,
        t1_0.owner,
        t1_0.timestamp,
        t1_0.token,
        t1_0.token_type 
    from
        token_entry t1_0 
    where
        (
            t1_0.processor_name,t1_0.segment
        ) in((?,?)) for no key update
Hibernate: 
    update
        token_entry 
    set
        owner=?,
        timestamp=?,
        token=?,
        token_type=? 
    where
        processor_name=? 
        and segment=?
2023-06-16T00:02:21.047+01:00  INFO 64744 --- [ies.services]-0] o.a.e.TrackingEventProcessor             : Fetched token: IndexTrackingToken{globalIndex=478} for segment: Segment[0/0]
2023-06-16T00:02:22.020+01:00  INFO 64744 --- [           main] o.o.g.commands.aggregates.CRAsAggregate  : CreateCRAsCommand Reveived
2023-06-16T00:02:22.026+01:00  INFO 64744 --- [           main] o.o.g.commands.aggregates.CRAsAggregate  : CRAsCreatedEvent Occured
2023-06-16T00:02:22.047+01:00  INFO 64744 --- [           main] o.o.g.commands.aggregates.CRAsAggregate  : CRAsCreatedEvent Occured
]]></system-out>
  </testcase>
</testsuite>